<?xml version="1.0" encoding="UTF-8"?>
<testsuite xmlns:xsi="http://www.w3.org/2001/XMLSchema-instance" xsi:noNamespaceSchemaLocation="https://maven.apache.org/surefire/maven-surefire-plugin/xsd/surefire-test-report.xsd" name="com.automation.runners.TestRunner" time="153.869" tests="12" errors="0" skipped="0" failures="0">
  <properties>
[...]
</properties>
  <testcase name="runScenario" classname="com.automation.runners.TestRunner" time="15.296"/>
  <testcase name="runScenario" classname="com.automation.runners.TestRunner" time="10.779"/>
  <testcase name="runScenario" classname="com.automation.runners.TestRunner" time="10.765"/>
  <testcase name="runScenario" classname="com.automation.runners.TestRunner" time="12.199"/>
  <testcase name="runScenario" classname="com.automation.runners.TestRunner" time="10.53"/>
  <testcase name="runScenario" classname="com.automation.runners.TestRunner" time="11.378"/>
  <testcase name="runScenario" classname="com.automation.runners.TestRunner" time="11.516"/>
  <testcase name="runScenario" classname="com.automation.runners.TestRunner" time="10.454"/>
  <testcase name="runScenario" classname="com.automation.runners.TestRunner" time="13.793"/>
  <testcase name="runScenario" classname="com.automation.runners.TestRunner" time="13.297"/>
  <testcase name="runScenario" classname="com.automation.runners.TestRunner" time="13.9"/>
  <testcase name="runScenario" classname="com.automation.runners.TestRunner" time="17.632"/>
</testsuite>